Solid Edge Translation to STEP
Date: Friday,April 12,2024 12:57PM
Output File: C:\workspace\projects\ghost-bot\mech\base-wheel\base-wheel.stp
Author: Unknown
Organization: Unknown
Source System: Solid Edge

Hardware:
Processor: 12th Gen Intel(R) Core(TM) i5-12600KF
Operating System: Windows 11 Version:23H2 Build:22631 System Type:64-bit
Installed Memory: 31.84 GB

Software Information
Parasolid Version: 35.0.149
PSBodyShop Version: 35.0.82
Step Adapter Version: 11.0.82
Solid Edge Version: 223.00.00.101 x64

STEP Export Options
Export Format: AP214
Export Construction Sheets: Off
Export Construction Solids: Off
Export Construction Wires: Off
Export Displayed Parts Only: Off
Export Units: Millimeters
Export Part Component Names As Unicode: Off
Export PMI: Off

Phase 1 of 1 Translating Parasolid to foreign data types...
Translation process completed
Time required to translate:00 : 00 : 01
